<svg font-family="sans-serif" viewBox="0 0 400 151" xmlns:xlink="http://www.w3.org/1999/xlink" font-style="normal" font-size="13" width="100%" xmlns="http://www.w3.org/2000/svg" font-weight="normal" version="1.1"><g font-family="sans-serif" text-decoration="none" font-style="normal" font-size="13" font-weight="normal"><g stroke-width="1" stroke="#000" stroke-opacity="0.2"><line x2="64.5" pointer-events="none" y1="21" x1="64.5" y2="149" /><line x2="106.5" pointer-events="none" y1="21" x1="106.5" y2="149" /><line x2="149.5" pointer-events="none" y1="21" x1="149.5" y2="149" /><line x2="191.5" pointer-events="none" y1="21" x1="191.5" y2="149" /><line x2="234.5" pointer-events="none" y1="21" x1="234.5" y2="149" /><line x2="277.5" pointer-events="none" y1="21" x1="277.5" y2="149" /><line x2="319.5" pointer-events="none" y1="21" x1="319.5" y2="149" />
</g>
<g fill="#000"><text y="17.72" text-anchor="middle" x="64">0%</text><text y="17.72" text-anchor="middle" x="106.61">10%</text><text y="17.72" text-anchor="middle" x="149.21">20%</text><text y="17.72" text-anchor="middle" x="191.82">30%</text><text y="17.72" text-anchor="middle" x="234.42">40%</text><text y="17.72" text-anchor="middle" x="277.03">50%</text><text y="17.72" text-anchor="middle" x="319.63">60%</text>
</g>
<path stroke-width="0.5" stroke="#000" d="M356.5,1.5L396.5,1.5L396.5,20.5L379.75,20.5L376.5,27L373.25,20.5L356.5,20.5z" fill="#e9e9e9" stroke-opacity="0.3" /><text y="15.89" text-anchor="middle" x="376.5" fill="#000">Count</text><rect fill-opacity="0.025" y="25.5" x="1.5" height="20" width="398" fill="#fff" />

<g>
<text font-family="sans-serif" y="39.89" text-decoration="none" text-anchor="end" x="54" font-style="normal" font-size="13" font-weight="normal">White</text>
</g>
<text font-family="sans-serif" y="32.73" text-decoration="none" x="55" font-style="normal" fill="#000" font-size="9" font-weight="normal">1</text><rect fill-opacity="0.025" y="45.5" x="1.5" height="20" width="398" fill="#000" />

<g>
<text font-family="sans-serif" y="59.89" text-decoration="none" text-anchor="end" x="54" font-style="normal" font-size="13" font-weight="normal">Hispanic</text>
</g>
<text font-family="sans-serif" y="52.73" text-decoration="none" x="55" font-style="normal" fill="#000" font-size="9" font-weight="normal">2</text><rect fill-opacity="0.025" y="65.5" x="1.5" height="20" width="398" fill="#fff" />

<g>
<text font-family="sans-serif" y="79.89" text-decoration="none" text-anchor="end" x="54" font-style="normal" font-size="13" font-weight="normal">Black</text>
</g>
<rect fill-opacity="0.025" y="85.5" x="1.5" height="20" width="398" fill="#000" />

<g>
<text font-family="sans-serif" y="99.89" text-decoration="none" text-anchor="end" x="54" font-style="normal" font-size="13" font-weight="normal">Asian</text>
</g>
<rect fill-opacity="0.025" y="105.5" x="1.5" height="20" width="398" fill="#fff" />

<g>
<text font-family="sans-serif" y="119.89" text-decoration="none" text-anchor="end" x="54" font-style="normal" font-size="13" font-weight="normal">Mixed</text>
</g>
<text font-family="sans-serif" y="112.73" text-decoration="none" x="55" font-style="normal" fill="#000" font-size="9" font-weight="normal">1</text><rect fill-opacity="0.025" y="125.5" x="1.5" height="20" width="398" fill="#000" />

<g>
<text font-family="sans-serif" y="139.89" text-decoration="none" text-anchor="end" x="54" font-style="normal" font-size="13" font-weight="normal">Other</text>
</g>
<text font-family="sans-serif" y="132.73" text-decoration="none" x="55" font-style="normal" fill="#000" font-size="9" font-weight="normal">1</text><rect fill-opacity="1.000" y="28" x="64" height="14" width="277" fill="#7e99c9"><title>65.022091%</title></rect><rect fill-opacity="1.000" y="24" x="64" height="4" width="282" fill="#657aa1"><title>66.189350%</title></rect>

<g>
<title>65.022091%</title><text fill-opacity="0.400" y="39.89" x="303" fill="#000">65.0%</text>
</g>
<text fill-opacity="0.500" y="39.89" text-anchor="end" x="393.5" fill="#000">7,064</text><rect fill-opacity="1.000" y="48" x="64" height="14" width="5" fill="#c68b14"><title>1.288660%</title></rect><rect fill-opacity="1.000" y="44" x="64" height="4" width="16" fill="#9e6f10"><title>3.857048%</title></rect>

<g>
<title>1.288660%</title><text fill-opacity="0.400" y="59.89" x="72" fill="#000">1.3%</text>
</g>
<text fill-opacity="0.500" y="59.89" text-anchor="end" x="393.5" fill="#000">140</text><rect fill-opacity="1.000" y="68" x="64" height="14" width="138" fill="#75b355"><title>32.363770%</title></rect><rect fill-opacity="1.000" y="64" x="64" height="4" width="113" fill="#5e8f44"><title>26.482329%</title></rect>

<g>
<title>32.363770%</title><text fill-opacity="0.400" y="79.89" x="204" fill="#000">32.4%</text>
</g>
<text fill-opacity="0.500" y="79.89" text-anchor="end" x="393.5" fill="#000">3,516</text><rect fill-opacity="1.000" y="88" x="64" height="14" width="0" fill="#cc5252"><title>0.000000%</title></rect>

<g>
<title>0.000000%</title><text fill-opacity="0.400" y="99.89" text-anchor="end" x="99" fill="#000">0.0%</text>
</g>
<rect fill-opacity="1.000" y="84" x="64" height="4" width="5" fill="#a34242"><title>1.254740%</title></rect><text fill-opacity="0.500" y="99.89" text-anchor="end" x="393.5" fill="#000">0</text><rect fill-opacity="1.000" y="108" x="64" height="14" width="5" fill="#c8b496"><title>1.251841%</title></rect><rect fill-opacity="1.000" y="104" x="64" height="4" width="7" fill="#a09078"><title>1.605688%</title></rect>

<g>
<title>1.251841%</title><text fill-opacity="0.400" y="119.89" x="72" fill="#000">1.3%</text>
</g>
<text fill-opacity="0.500" y="119.89" text-anchor="end" x="393.5" fill="#000">136</text><rect fill-opacity="1.000" y="128" x="64" height="14" width="0" fill="#969696"><title>0.073638%</title></rect><rect fill-opacity="1.000" y="124" x="64" height="4" width="3" fill="#787878"><title>0.610845%</title></rect>

<g>
<title>0.073638%</title><text fill-opacity="0.400" y="139.89" x="71" fill="#000">0.1%</text>
</g>
<text fill-opacity="0.500" y="139.89" text-anchor="end" x="393.5" fill="#000">8</text><line stroke-width="1" stroke="#000" x2="64.5" pointer-events="none" y1="21" x1="64.5" y2="149" stroke-opacity="1.0" />
</g>
</svg>
